<?xml version="1.0" encoding="UTF-8"?>
<testng-results ignored="0" total="1" passed="1" failed="0" skipped="0">
  <reporter-output>
  </reporter-output>
  <suite started-at="2023-07-20T18:55:41 PKT" name="Suite" finished-at="2023-07-20T18:56:15 PKT" duration-ms="33444">
    <groups>
    </groups>
    <test started-at="2023-07-20T18:55:41 PKT" name="Test" finished-at="2023-07-20T18:56:15 PKT" duration-ms="33444">
      <class name="testNGpckg.WindowHandles">
        <test-method is-config="true" signature="windowsHand()[pri:0, instance:testNGpckg.WindowHandles@72057ecf]" started-at="2023-07-20T18:55:41 PKT" name="windowsHand" finished-at="2023-07-20T18:55:59 PKT" duration-ms="17969" status="PASS">
          <reporter-output>
          </reporter-output>
        </test-method> <!-- windowsHand -->
        <test-method signature="handleWindow()[pri:0, instance:testNGpckg.WindowHandles@72057ecf]" started-at="2023-07-20T18:55:59 PKT" name="handleWindow" finished-at="2023-07-20T18:56:14 PKT" duration-ms="15376" status="PASS">
          <reporter-output>
          </reporter-output>
        </test-method> <!-- handleWindow -->
      </class> <!-- testNGpckg.WindowHandles -->
    </test> <!-- Test -->
  </suite> <!-- Suite -->
</testng-results>
