<?xml version="1.0" encoding="UTF-8"?>
<testng-results ignored="0" total="1" passed="1" failed="0" skipped="0">
  <reporter-output>
  </reporter-output>
  <suite started-at="2023-07-20T18:02:31 PKT" name="Suite" finished-at="2023-07-20T18:03:04 PKT" duration-ms="33207">
    <groups>
    </groups>
    <test started-at="2023-07-20T18:02:31 PKT" name="Test" finished-at="2023-07-20T18:03:04 PKT" duration-ms="33207">
      <class name="testNGpckg.WindowHandles">
        <test-method is-config="true" signature="windowsHand()[pri:0, instance:testNGpckg.WindowHandles@72057ecf]" started-at="2023-07-20T18:02:31 PKT" name="windowsHand" finished-at="2023-07-20T18:02:49 PKT" duration-ms="17979" status="PASS">
          <reporter-output>
          </reporter-output>
        </test-method> <!-- windowsHand -->
        <test-method signature="handleWindow()[pri:0, instance:testNGpckg.WindowHandles@72057ecf]" started-at="2023-07-20T18:02:49 PKT" name="handleWindow" finished-at="2023-07-20T18:03:04 PKT" duration-ms="15138" status="PASS">
          <reporter-output>
          </reporter-output>
        </test-method> <!-- handleWindow -->
      </class> <!-- testNGpckg.WindowHandles -->
    </test> <!-- Test -->
  </suite> <!-- Suite -->
</testng-results>
